Arguments: 
  C:\Program Files\nodejs\node.exe C:\Program Files (x86)\Yarn\bin\yarn.js add @babel/core @bable/cli @babel/preset-env @babel/node -D

PATH: 
  C:\Program Files\Git\mingw64\bin;C:\Program Files\Git\usr\bin;C:\Users\Ederson\bin;C:\Program Files\AdoptOpenJDK\jdk-11.0.11.9-hotspot\bin;C:\WINDOWS\system32;C:\WINDOWS;C:\WINDOWS\System32\Wbem;C:\WINDOWS\System32\WindowsPowerShell\v1.0;C:\WINDOWS\System32\OpenSSH;C:\Program Files\PuTTY;C:\Program Files\Git\cmd;C:\xampp\php;C:\ProgramData\ComposerSetup\bin;C:\Program Files\nodejs;C:\Program Files (x86)\Yarn\bin;C:\Program Files\k6;C:\Program Files\MongoDB\Server\4.4\bin;C:\Ruby27-x64\bin;C:\Users\Ederson\AppData\Local\Microsoft\WindowsApps;C:\Users\Ederson\AppData\Local\Programs\Microsoft VS Code\bin;C:\WinNMP\bin;C:\Users\Ederson\AppData\Roaming\Composer\vendor\bin;C:\Users\Ederson\AppData\Roaming\npm;C:\Users\Ederson\AppData\Local\Yarn\bin

Yarn version: 
  1.22.4

Node version: 
  12.18.3

Platform: 
  win32 x64

Trace: 
  Error: https://registry.yarnpkg.com/@bable%2fcli: Not found
      at Request.params.callback [as _callback] (C:\Program Files (x86)\Yarn\lib\cli.js:66096:18)
      at Request.self.callback (C:\Program Files (x86)\Yarn\lib\cli.js:140748:22)
      at Request.emit (events.js:315:20)
      at Request.<anonymous> (C:\Program Files (x86)\Yarn\lib\cli.js:141720:10)
      at Request.emit (events.js:315:20)
      at IncomingMessage.<anonymous> (C:\Program Files (x86)\Yarn\lib\cli.js:141642:12)
      at Object.onceWrapper (events.js:421:28)
      at IncomingMessage.emit (events.js:327:22)
      at endReadableNT (_stream_readable.js:1220:12)
      at processTicksAndRejections (internal/process/task_queues.js:84:21)

npm manifest: 
  {
    "name": "beginners-course-graphql-api",
    "version": "1.0.0",
    "main": "index.js",
    "license": "MIT"
  }

yarn manifest: 
  No manifest

Lockfile: 
  No lockfile
